{"C:\\Users\\T495\\Documents\\Hacktiv8\\Phase 2\\Week 3\\IP-HCK86-NewsFlashAI\\server\\app.js": {"path":"C:\\Users\\T495\\Documents\\Hacktiv8\\Phase 2\\Week 3\\IP-HCK86-NewsFlashAI\\server\\app.js","statementMap":{"0":{"start":{"line":1,"column":0},"end":{"line":3,"column":1}},"1":{"start":{"line":2,"column":4},"end":{"line":2,"column":31}},"2":{"start":{"line":5,"column":16},"end":{"line":5,"column":34}},"3":{"start":{"line":6,"column":13},"end":{"line":6,"column":28}},"4":{"start":{"line":7,"column":15},"end":{"line":7,"column":34}},"5":{"start":{"line":8,"column":21},"end":{"line":8,"column":58}},"6":{"start":{"line":9,"column":17},"end":{"line":9,"column":50}},"7":{"start":{"line":11,"column":12},"end":{"line":11,"column":21}},"8":{"start":{"line":13,"column":0},"end":{"line":13,"column":16}},"9":{"start":{"line":14,"column":0},"end":{"line":14,"column":24}},"10":{"start":{"line":15,"column":0},"end":{"line":15,"column":48}},"11":{"start":{"line":17,"column":0},"end":{"line":17,"column":21}},"12":{"start":{"line":19,"column":0},"end":{"line":19,"column":18}},"13":{"start":{"line":21,"column":0},"end":{"line":21,"column":22}},"14":{"start":{"line":22,"column":0},"end":{"line":22,"column":21}}},"fnMap":{},"branchMap":{"0":{"loc":{"start":{"line":1,"column":0},"end":{"line":3,"column":1}},"type":"if","locations":[{"start":{"line":1,"column":0},"end":{"line":3,"column":1}},{"start":{},"end":{}}],"line":1}},"s":{"0":5,"1":5,"2":5,"3":5,"4":5,"5":5,"6":5,"7":5,"8":5,"9":5,"10":5,"11":5,"12":5,"13":5,"14":5},"f":{},"b":{"0":[5,0]},"_coverageSchema":"1a1c01bbd47fc00a2c39e90264f33305004495a9","hash":"eef292eb6f8b210f2363236d916c5486fdb09637"}
,"C:\\Users\\T495\\Documents\\Hacktiv8\\Phase 2\\Week 3\\IP-HCK86-NewsFlashAI\\server\\controllers\\AiController.js": {"path":"C:\\Users\\T495\\Documents\\Hacktiv8\\Phase 2\\Week 3\\IP-HCK86-NewsFlashAI\\server\\controllers\\AiController.js","statementMap":{"0":{"start":{"line":1,"column":24},"end":{"line":1,"column":48}},"1":{"start":{"line":2,"column":20},"end":{"line":2,"column":40}},"2":{"start":{"line":3,"column":31},"end":{"line":3,"column":62}},"3":{"start":{"line":10,"column":2},"end":{"line":10,"column":65}},"4":{"start":{"line":14,"column":17},"end":{"line":14,"column":63}},"5":{"start":{"line":17,"column":18},"end":{"line":17,"column":45}},"6":{"start":{"line":18,"column":2},"end":{"line":40,"column":3}},"7":{"start":{"line":44,"column":17},"end":{"line":44,"column":34}},"8":{"start":{"line":45,"column":13},"end":{"line":45,"column":21}},"9":{"start":{"line":48,"column":15},"end":{"line":51,"column":4}},"10":{"start":{"line":53,"column":14},"end":{"line":53,"column":58}},"11":{"start":{"line":54,"column":18},"end":{"line":54,"column":64}},"12":{"start":{"line":56,"column":2},"end":{"line":62,"column":3}},"13":{"start":{"line":57,"column":4},"end":{"line":57,"column":31}},"14":{"start":{"line":59,"column":16},"end":{"line":59,"column":56}},"15":{"start":{"line":60,"column":4},"end":{"line":60,"column":21}},"16":{"start":{"line":61,"column":4},"end":{"line":61,"column":14}},"17":{"start":{"line":67,"column":4},"end":{"line":188,"column":5}},"18":{"start":{"line":68,"column":58},"end":{"line":68,"column":66}},"19":{"start":{"line":71,"column":17},"end":{"line":71,"column":24}},"20":{"start":{"line":72,"column":26},"end":{"line":72,"column":30}},"21":{"start":{"line":74,"column":6},"end":{"line":76,"column":7}},"22":{"start":{"line":75,"column":8},"end":{"line":75,"column":45}},"23":{"start":{"line":78,"column":6},"end":{"line":86,"column":7}},"24":{"start":{"line":79,"column":8},"end":{"line":79,"column":58}},"25":{"start":{"line":80,"column":8},"end":{"line":80,"column":80}},"26":{"start":{"line":80,"column":28},"end":{"line":80,"column":80}},"27":{"start":{"line":82,"column":8},"end":{"line":84,"column":9}},"28":{"start":{"line":83,"column":10},"end":{"line":83,"column":61}},"29":{"start":{"line":85,"column":8},"end":{"line":85,"column":57}},"30":{"start":{"line":85,"column":19},"end":{"line":85,"column":57}},"31":{"start":{"line":88,"column":6},"end":{"line":94,"column":7}},"32":{"start":{"line":89,"column":8},"end":{"line":93,"column":10}},"33":{"start":{"line":98,"column":6},"end":{"line":113,"column":7}},"34":{"start":{"line":99,"column":8},"end":{"line":99,"column":40}},"35":{"start":{"line":100,"column":8},"end":{"line":100,"column":48}},"36":{"start":{"line":103,"column":18},"end":{"line":103,"column":68}},"37":{"start":{"line":104,"column":8},"end":{"line":112,"column":9}},"38":{"start":{"line":105,"column":10},"end":{"line":109,"column":11}},"39":{"start":{"line":106,"column":12},"end":{"line":106,"column":38}},"40":{"start":{"line":108,"column":12},"end":{"line":108,"column":66}},"41":{"start":{"line":111,"column":10},"end":{"line":111,"column":64}},"42":{"start":{"line":116,"column":6},"end":{"line":124,"column":7}},"43":{"start":{"line":123,"column":8},"end":{"line":123,"column":62}},"44":{"start":{"line":127,"column":18},"end":{"line":127,"column":22}},"45":{"start":{"line":129,"column":6},"end":{"line":177,"column":7}},"46":{"start":{"line":131,"column":8},"end":{"line":175,"column":9}},"47":{"start":{"line":132,"column":10},"end":{"line":133,"column":65}},"48":{"start":{"line":134,"column":10},"end":{"line":135,"column":64}},"49":{"start":{"line":135,"column":12},"end":{"line":135,"column":64}},"50":{"start":{"line":137,"column":10},"end":{"line":142,"column":13}},"51":{"start":{"line":143,"column":10},"end":{"line":143,"column":32}},"52":{"start":{"line":146,"column":13},"end":{"line":175,"column":9}},"53":{"start":{"line":148,"column":30},"end":{"line":150,"column":21}},"54":{"start":{"line":152,"column":27},"end":{"line":152,"column":72}},"55":{"start":{"line":154,"column":10},"end":{"line":173,"column":11}},"56":{"start":{"line":155,"column":12},"end":{"line":160,"column":15}},"57":{"start":{"line":161,"column":12},"end":{"line":161,"column":29}},"58":{"start":{"line":162,"column":17},"end":{"line":173,"column":11}},"59":{"start":{"line":164,"column":12},"end":{"line":172,"column":15}},"60":{"start":{"line":179,"column":6},"end":{"line":185,"column":9}},"61":{"start":{"line":187,"column":6},"end":{"line":187,"column":16}},"62":{"start":{"line":192,"column":0},"end":{"line":192,"column":30}}},"fnMap":{"0":{"name":"makeAi","decl":{"start":{"line":9,"column":9},"end":{"line":9,"column":15}},"loc":{"start":{"line":9,"column":18},"end":{"line":11,"column":1}},"line":9},"1":{"name":"buildPrompt","decl":{"start":{"line":16,"column":9},"end":{"line":16,"column":20}},"loc":{"start":{"line":16,"column":27},"end":{"line":41,"column":1}},"line":16},"2":{"name":"callGemini","decl":{"start":{"line":43,"column":15},"end":{"line":43,"column":25}},"loc":{"start":{"line":43,"column":32},"end":{"line":63,"column":1}},"line":43},"3":{"name":"(anonymous_3)","decl":{"start":{"line":66,"column":2},"end":{"line":66,"column":3}},"loc":{"start":{"line":66,"column":41},"end":{"line":189,"column":3}},"line":66}},"branchMap":{"0":{"loc":{"start":{"line":14,"column":17},"end":{"line":14,"column":63}},"type":"binary-expr","locations":[{"start":{"line":14,"column":17},"end":{"line":14,"column":41}},{"start":{"line":14,"column":45},"end":{"line":14,"column":63}}],"line":14},"1":{"loc":{"start":{"line":17,"column":19},"end":{"line":17,"column":29}},"type":"binary-expr","locations":[{"start":{"line":17,"column":19},"end":{"line":17,"column":23}},{"start":{"line":17,"column":27},"end":{"line":17,"column":29}}],"line":17},"2":{"loc":{"start":{"line":53,"column":14},"end":{"line":53,"column":58}},"type":"binary-expr","locations":[{"start":{"line":53,"column":14},"end":{"line":53,"column":24}},{"start":{"line":53,"column":28},"end":{"line":53,"column":52}},{"start":{"line":53,"column":56},"end":{"line":53,"column":58}}],"line":53},"3":{"loc":{"start":{"line":68,"column":39},"end":{"line":68,"column":53}},"type":"default-arg","locations":[{"start":{"line":68,"column":49},"end":{"line":68,"column":53}}],"line":68},"4":{"loc":{"start":{"line":74,"column":6},"end":{"line":76,"column":7}},"type":"if","locations":[{"start":{"line":74,"column":6},"end":{"line":76,"column":7}},{"start":{},"end":{}}],"line":74},"5":{"loc":{"start":{"line":74,"column":10},"end":{"line":74,"column":22}},"type":"binary-expr","locations":[{"start":{"line":74,"column":10},"end":{"line":74,"column":15}},{"start":{"line":74,"column":19},"end":{"line":74,"column":22}}],"line":74},"6":{"loc":{"start":{"line":78,"column":6},"end":{"line":86,"column":7}},"type":"if","locations":[{"start":{"line":78,"column":6},"end":{"line":86,"column":7}},{"start":{},"end":{}}],"line":78},"7":{"loc":{"start":{"line":78,"column":10},"end":{"line":78,"column":28}},"type":"binary-expr","locations":[{"start":{"line":78,"column":10},"end":{"line":78,"column":15}},{"start":{"line":78,"column":19},"end":{"line":78,"column":28}}],"line":78},"8":{"loc":{"start":{"line":80,"column":8},"end":{"line":80,"column":80}},"type":"if","locations":[{"start":{"line":80,"column":8},"end":{"line":80,"column":80}},{"start":{},"end":{}}],"line":80},"9":{"loc":{"start":{"line":82,"column":8},"end":{"line":84,"column":9}},"type":"if","locations":[{"start":{"line":82,"column":8},"end":{"line":84,"column":9}},{"start":{},"end":{}}],"line":82},"10":{"loc":{"start":{"line":85,"column":8},"end":{"line":85,"column":57}},"type":"if","locations":[{"start":{"line":85,"column":8},"end":{"line":85,"column":57}},{"start":{},"end":{}}],"line":85},"11":{"loc":{"start":{"line":85,"column":29},"end":{"line":85,"column":54}},"type":"binary-expr","locations":[{"start":{"line":85,"column":29},"end":{"line":85,"column":48}},{"start":{"line":85,"column":52},"end":{"line":85,"column":54}}],"line":85},"12":{"loc":{"start":{"line":88,"column":6},"end":{"line":94,"column":7}},"type":"if","locations":[{"start":{"line":88,"column":6},"end":{"line":94,"column":7}},{"start":{},"end":{}}],"line":88},"13":{"loc":{"start":{"line":88,"column":10},"end":{"line":88,"column":42}},"type":"binary-expr","locations":[{"start":{"line":88,"column":10},"end":{"line":88,"column":15}},{"start":{"line":88,"column":19},"end":{"line":88,"column":42}}],"line":88},"14":{"loc":{"start":{"line":103,"column":19},"end":{"line":103,"column":46}},"type":"binary-expr","locations":[{"start":{"line":103,"column":19},"end":{"line":103,"column":27}},{"start":{"line":103,"column":31},"end":{"line":103,"column":40}},{"start":{"line":103,"column":44},"end":{"line":103,"column":46}}],"line":103},"15":{"loc":{"start":{"line":104,"column":8},"end":{"line":112,"column":9}},"type":"if","locations":[{"start":{"line":104,"column":8},"end":{"line":112,"column":9}},{"start":{"line":110,"column":15},"end":{"line":112,"column":9}}],"line":104},"16":{"loc":{"start":{"line":116,"column":6},"end":{"line":124,"column":7}},"type":"if","locations":[{"start":{"line":116,"column":6},"end":{"line":124,"column":7}},{"start":{},"end":{}}],"line":116},"17":{"loc":{"start":{"line":117,"column":8},"end":{"line":121,"column":22}},"type":"binary-expr","locations":[{"start":{"line":117,"column":8},"end":{"line":117,"column":15}},{"start":{"line":118,"column":8},"end":{"line":118,"column":38}},{"start":{"line":119,"column":8},"end":{"line":119,"column":33}},{"start":{"line":120,"column":8},"end":{"line":120,"column":25}},{"start":{"line":121,"column":8},"end":{"line":121,"column":22}}],"line":117},"18":{"loc":{"start":{"line":129,"column":6},"end":{"line":177,"column":7}},"type":"if","locations":[{"start":{"line":129,"column":6},"end":{"line":177,"column":7}},{"start":{},"end":{}}],"line":129},"19":{"loc":{"start":{"line":131,"column":8},"end":{"line":175,"column":9}},"type":"if","locations":[{"start":{"line":131,"column":8},"end":{"line":175,"column":9}},{"start":{"line":146,"column":13},"end":{"line":175,"column":9}}],"line":131},"20":{"loc":{"start":{"line":133,"column":12},"end":{"line":133,"column":64}},"type":"binary-expr","locations":[{"start":{"line":133,"column":12},"end":{"line":133,"column":25}},{"start":{"line":133,"column":30},"end":{"line":133,"column":63}}],"line":133},"21":{"loc":{"start":{"line":134,"column":10},"end":{"line":135,"column":64}},"type":"if","locations":[{"start":{"line":134,"column":10},"end":{"line":135,"column":64}},{"start":{},"end":{}}],"line":134},"22":{"loc":{"start":{"line":140,"column":23},"end":{"line":140,"column":44}},"type":"binary-expr","locations":[{"start":{"line":140,"column":23},"end":{"line":140,"column":38}},{"start":{"line":140,"column":42},"end":{"line":140,"column":44}}],"line":140},"23":{"loc":{"start":{"line":146,"column":13},"end":{"line":175,"column":9}},"type":"if","locations":[{"start":{"line":146,"column":13},"end":{"line":175,"column":9}},{"start":{},"end":{}}],"line":146},"24":{"loc":{"start":{"line":148,"column":30},"end":{"line":150,"column":21}},"type":"cond-expr","locations":[{"start":{"line":149,"column":14},"end":{"line":149,"column":42}},{"start":{"line":150,"column":14},"end":{"line":150,"column":21}}],"line":148},"25":{"loc":{"start":{"line":154,"column":10},"end":{"line":173,"column":11}},"type":"if","locations":[{"start":{"line":154,"column":10},"end":{"line":173,"column":11}},{"start":{"line":162,"column":17},"end":{"line":173,"column":11}}],"line":154},"26":{"loc":{"start":{"line":158,"column":25},"end":{"line":158,"column":46}},"type":"binary-expr","locations":[{"start":{"line":158,"column":25},"end":{"line":158,"column":40}},{"start":{"line":158,"column":44},"end":{"line":158,"column":46}}],"line":158},"27":{"loc":{"start":{"line":162,"column":17},"end":{"line":173,"column":11}},"type":"if","locations":[{"start":{"line":162,"column":17},"end":{"line":173,"column":11}},{"start":{},"end":{}}],"line":162},"28":{"loc":{"start":{"line":167,"column":22},"end":{"line":167,"column":47}},"type":"binary-expr","locations":[{"start":{"line":167,"column":22},"end":{"line":167,"column":41}},{"start":{"line":167,"column":45},"end":{"line":167,"column":47}}],"line":167},"29":{"loc":{"start":{"line":170,"column":25},"end":{"line":170,"column":46}},"type":"binary-expr","locations":[{"start":{"line":170,"column":25},"end":{"line":170,"column":40}},{"start":{"line":170,"column":44},"end":{"line":170,"column":46}}],"line":170},"30":{"loc":{"start":{"line":182,"column":18},"end":{"line":182,"column":39}},"type":"binary-expr","locations":[{"start":{"line":182,"column":18},"end":{"line":182,"column":33}},{"start":{"line":182,"column":37},"end":{"line":182,"column":39}}],"line":182},"31":{"loc":{"start":{"line":184,"column":24},"end":{"line":184,"column":41}},"type":"binary-expr","locations":[{"start":{"line":184,"column":24},"end":{"line":184,"column":33}},{"start":{"line":184,"column":37},"end":{"line":184,"column":41}}],"line":184}},"s":{"0":5,"1":5,"2":5,"3":4,"4":5,"5":4,"6":4,"7":4,"8":4,"9":4,"10":4,"11":4,"12":4,"13":4,"14":1,"15":1,"16":1,"17":7,"18":7,"19":7,"20":7,"21":7,"22":1,"23":7,"24":2,"25":2,"26":1,"27":1,"28":0,"29":1,"30":1,"31":6,"32":2,"33":4,"34":4,"35":3,"36":1,"37":1,"38":0,"39":0,"40":0,"41":1,"42":3,"43":0,"44":3,"45":3,"46":3,"47":1,"48":1,"49":0,"50":1,"51":1,"52":2,"53":1,"54":1,"55":1,"56":0,"57":0,"58":1,"59":1,"60":3,"61":4,"62":5},"f":{"0":4,"1":4,"2":4,"3":7},"b":{"0":[5,5],"1":[4,0],"2":[4,0,0],"3":[7],"4":[1,6],"5":[7,4],"6":[2,5],"7":[7,3],"8":[1,1],"9":[0,1],"10":[1,0],"11":[1,0],"12":[2,4],"13":[6,5],"14":[1,0,0],"15":[0,1],"16":[0,3],"17":[3,3,3,3,3],"18":[3,0],"19":[1,2],"20":[1,0],"21":[0,1],"22":[1,0],"23":[1,1],"24":[1,0],"25":[0,1],"26":[0,0],"27":[1,0],"28":[1,0],"29":[1,0],"30":[3,0],"31":[3,1]},"_coverageSchema":"1a1c01bbd47fc00a2c39e90264f33305004495a9","hash":"94cca4e1bdbe6ae63961102aa2bd21beda0a466e"}
,"C:\\Users\\T495\\Documents\\Hacktiv8\\Phase 2\\Week 3\\IP-HCK86-NewsFlashAI\\server\\controllers\\ArticleController.js": {"path":"C:\\Users\\T495\\Documents\\Hacktiv8\\Phase 2\\Week 3\\IP-HCK86-NewsFlashAI\\server\\controllers\\ArticleController.js","statementMap":{"0":{"start":{"line":1,"column":20},"end":{"line":1,"column":40}},"1":{"start":{"line":5,"column":4},"end":{"line":13,"column":5}},"2":{"start":{"line":6,"column":23},"end":{"line":9,"column":8}},"3":{"start":{"line":10,"column":6},"end":{"line":10,"column":37}},"4":{"start":{"line":12,"column":6},"end":{"line":12,"column":16}},"5":{"start":{"line":17,"column":4},"end":{"line":33,"column":5}},"6":{"start":{"line":18,"column":68},"end":{"line":18,"column":76}},"7":{"start":{"line":20,"column":22},"end":{"line":28,"column":8}},"8":{"start":{"line":30,"column":6},"end":{"line":30,"column":36}},"9":{"start":{"line":32,"column":6},"end":{"line":32,"column":16}},"10":{"start":{"line":37,"column":4},"end":{"line":51,"column":5}},"11":{"start":{"line":38,"column":21},"end":{"line":38,"column":31}},"12":{"start":{"line":39,"column":23},"end":{"line":39,"column":31}},"13":{"start":{"line":41,"column":22},"end":{"line":41,"column":48}},"14":{"start":{"line":42,"column":6},"end":{"line":42,"column":66}},"15":{"start":{"line":42,"column":20},"end":{"line":42,"column":66}},"16":{"start":{"line":43,"column":6},"end":{"line":45,"column":7}},"17":{"start":{"line":44,"column":8},"end":{"line":44,"column":65}},"18":{"start":{"line":47,"column":6},"end":{"line":47,"column":37}},"19":{"start":{"line":48,"column":6},"end":{"line":48,"column":36}},"20":{"start":{"line":50,"column":6},"end":{"line":50,"column":16}},"21":{"start":{"line":55,"column":4},"end":{"line":66,"column":5}},"22":{"start":{"line":56,"column":21},"end":{"line":56,"column":31}},"23":{"start":{"line":57,"column":22},"end":{"line":59,"column":8}},"24":{"start":{"line":60,"column":6},"end":{"line":60,"column":66}},"25":{"start":{"line":60,"column":20},"end":{"line":60,"column":66}},"26":{"start":{"line":62,"column":6},"end":{"line":62,"column":30}},"27":{"start":{"line":63,"column":6},"end":{"line":63,"column":59}},"28":{"start":{"line":65,"column":6},"end":{"line":65,"column":16}},"29":{"start":{"line":70,"column":0},"end":{"line":70,"column":35}}},"fnMap":{"0":{"name":"(anonymous_0)","decl":{"start":{"line":4,"column":2},"end":{"line":4,"column":3}},"loc":{"start":{"line":4,"column":38},"end":{"line":14,"column":3}},"line":4},"1":{"name":"(anonymous_1)","decl":{"start":{"line":16,"column":2},"end":{"line":16,"column":3}},"loc":{"start":{"line":16,"column":38},"end":{"line":34,"column":3}},"line":16},"2":{"name":"(anonymous_2)","decl":{"start":{"line":36,"column":2},"end":{"line":36,"column":3}},"loc":{"start":{"line":36,"column":38},"end":{"line":52,"column":3}},"line":36},"3":{"name":"(anonymous_3)","decl":{"start":{"line":54,"column":2},"end":{"line":54,"column":3}},"loc":{"start":{"line":54,"column":38},"end":{"line":67,"column":3}},"line":54}},"branchMap":{"0":{"loc":{"start":{"line":42,"column":6},"end":{"line":42,"column":66}},"type":"if","locations":[{"start":{"line":42,"column":6},"end":{"line":42,"column":66}},{"start":{},"end":{}}],"line":42},"1":{"loc":{"start":{"line":43,"column":6},"end":{"line":45,"column":7}},"type":"if","locations":[{"start":{"line":43,"column":6},"end":{"line":45,"column":7}},{"start":{},"end":{}}],"line":43},"2":{"loc":{"start":{"line":60,"column":6},"end":{"line":60,"column":66}},"type":"if","locations":[{"start":{"line":60,"column":6},"end":{"line":60,"column":66}},{"start":{},"end":{}}],"line":60}},"s":{"0":5,"1":1,"2":1,"3":1,"4":0,"5":1,"6":1,"7":1,"8":1,"9":0,"10":1,"11":1,"12":1,"13":1,"14":1,"15":0,"16":1,"17":0,"18":1,"19":1,"20":0,"21":1,"22":1,"23":1,"24":1,"25":0,"26":1,"27":1,"28":0,"29":5},"f":{"0":1,"1":1,"2":1,"3":1},"b":{"0":[0,1],"1":[0,1],"2":[0,1]},"_coverageSchema":"1a1c01bbd47fc00a2c39e90264f33305004495a9","hash":"fcde242faded42ca2ad59f82d59435cbe65d72db"}
,"C:\\Users\\T495\\Documents\\Hacktiv8\\Phase 2\\Week 3\\IP-HCK86-NewsFlashAI\\server\\controllers\\AuthController.js": {"path":"C:\\Users\\T495\\Documents\\Hacktiv8\\Phase 2\\Week 3\\IP-HCK86-NewsFlashAI\\server\\controllers\\AuthController.js","statementMap":{"0":{"start":{"line":1,"column":25},"end":{"line":1,"column":55}},"1":{"start":{"line":2,"column":17},"end":{"line":2,"column":37}},"2":{"start":{"line":3,"column":22},"end":{"line":3,"column":51}},"3":{"start":{"line":4,"column":22},"end":{"line":4,"column":45}},"4":{"start":{"line":6,"column":15},"end":{"line":6,"column":61}},"5":{"start":{"line":10,"column":4},"end":{"line":43,"column":5}},"6":{"start":{"line":11,"column":26},"end":{"line":11,"column":34}},"7":{"start":{"line":12,"column":6},"end":{"line":12,"column":67}},"8":{"start":{"line":12,"column":20},"end":{"line":12,"column":67}},"9":{"start":{"line":15,"column":6},"end":{"line":25,"column":7}},"10":{"start":{"line":16,"column":23},"end":{"line":19,"column":10}},"11":{"start":{"line":20,"column":8},"end":{"line":20,"column":38}},"12":{"start":{"line":22,"column":20},"end":{"line":22,"column":56}},"13":{"start":{"line":23,"column":8},"end":{"line":23,"column":37}},"14":{"start":{"line":24,"column":8},"end":{"line":24,"column":18}},"15":{"start":{"line":27,"column":21},"end":{"line":30,"column":8}},"16":{"start":{"line":32,"column":20},"end":{"line":32,"column":65}},"17":{"start":{"line":34,"column":6},"end":{"line":40,"column":9}},"18":{"start":{"line":42,"column":6},"end":{"line":42,"column":16}},"19":{"start":{"line":47,"column":0},"end":{"line":47,"column":32}}},"fnMap":{"0":{"name":"(anonymous_0)","decl":{"start":{"line":9,"column":2},"end":{"line":9,"column":3}},"loc":{"start":{"line":9,"column":44},"end":{"line":44,"column":3}},"line":9}},"branchMap":{"0":{"loc":{"start":{"line":12,"column":6},"end":{"line":12,"column":67}},"type":"if","locations":[{"start":{"line":12,"column":6},"end":{"line":12,"column":67}},{"start":{},"end":{}}],"line":12}},"s":{"0":5,"1":5,"2":5,"3":5,"4":5,"5":4,"6":4,"7":4,"8":1,"9":3,"10":3,"11":1,"12":2,"13":2,"14":2,"15":1,"16":1,"17":1,"18":3,"19":5},"f":{"0":4},"b":{"0":[1,3]},"_coverageSchema":"1a1c01bbd47fc00a2c39e90264f33305004495a9","hash":"5c4be0ad1cb5b379217e4894663dbdf52a21c70e"}
,"C:\\Users\\T495\\Documents\\Hacktiv8\\Phase 2\\Week 3\\IP-HCK86-NewsFlashAI\\server\\controllers\\NewsController.js": {"path":"C:\\Users\\T495\\Documents\\Hacktiv8\\Phase 2\\Week 3\\IP-HCK86-NewsFlashAI\\server\\controllers\\NewsController.js","statementMap":{"0":{"start":{"line":1,"column":14},"end":{"line":1,"column":30}},"1":{"start":{"line":2,"column":22},"end":{"line":2,"column":51}},"2":{"start":{"line":6,"column":4},"end":{"line":37,"column":5}},"3":{"start":{"line":7,"column":26},"end":{"line":7,"column":35}},"4":{"start":{"line":8,"column":6},"end":{"line":10,"column":7}},"5":{"start":{"line":9,"column":8},"end":{"line":9,"column":111}},"6":{"start":{"line":12,"column":19},"end":{"line":22,"column":8}},"7":{"start":{"line":24,"column":23},"end":{"line":32,"column":9}},"8":{"start":{"line":24,"column":52},"end":{"line":32,"column":7}},"9":{"start":{"line":34,"column":6},"end":{"line":34,"column":79}},"10":{"start":{"line":36,"column":6},"end":{"line":36,"column":16}},"11":{"start":{"line":41,"column":0},"end":{"line":41,"column":32}}},"fnMap":{"0":{"name":"(anonymous_0)","decl":{"start":{"line":5,"column":2},"end":{"line":5,"column":3}},"loc":{"start":{"line":5,"column":38},"end":{"line":38,"column":3}},"line":5},"1":{"name":"(anonymous_1)","decl":{"start":{"line":24,"column":46},"end":{"line":24,"column":47}},"loc":{"start":{"line":24,"column":52},"end":{"line":32,"column":7}},"line":24}},"branchMap":{"0":{"loc":{"start":{"line":8,"column":6},"end":{"line":10,"column":7}},"type":"if","locations":[{"start":{"line":8,"column":6},"end":{"line":10,"column":7}},{"start":{},"end":{}}],"line":8},"1":{"loc":{"start":{"line":8,"column":10},"end":{"line":8,"column":41}},"type":"binary-expr","locations":[{"start":{"line":8,"column":10},"end":{"line":8,"column":25}},{"start":{"line":8,"column":29},"end":{"line":8,"column":41}}],"line":8}},"s":{"0":5,"1":5,"2":3,"3":3,"4":3,"5":2,"6":1,"7":1,"8":1,"9":1,"10":0,"11":5},"f":{"0":3,"1":1},"b":{"0":[2,1],"1":[3,2]},"_coverageSchema":"1a1c01bbd47fc00a2c39e90264f33305004495a9","hash":"361f00ee83bac052b68e4d173d11ed9d22568b9b"}
,"C:\\Users\\T495\\Documents\\Hacktiv8\\Phase 2\\Week 3\\IP-HCK86-NewsFlashAI\\server\\controllers\\NoteController.js": {"path":"C:\\Users\\T495\\Documents\\Hacktiv8\\Phase 2\\Week 3\\IP-HCK86-NewsFlashAI\\server\\controllers\\NoteController.js","statementMap":{"0":{"start":{"line":2,"column":17},"end":{"line":2,"column":37}},"1":{"start":{"line":3,"column":22},"end":{"line":3,"column":51}},"2":{"start":{"line":8,"column":4},"end":{"line":18,"column":5}},"3":{"start":{"line":9,"column":32},"end":{"line":9,"column":42}},"4":{"start":{"line":11,"column":20},"end":{"line":14,"column":8}},"5":{"start":{"line":15,"column":6},"end":{"line":15,"column":22}},"6":{"start":{"line":17,"column":6},"end":{"line":17,"column":16}},"7":{"start":{"line":23,"column":4},"end":{"line":35,"column":5}},"8":{"start":{"line":24,"column":32},"end":{"line":24,"column":42}},"9":{"start":{"line":25,"column":26},"end":{"line":25,"column":34}},"10":{"start":{"line":27,"column":6},"end":{"line":29,"column":7}},"11":{"start":{"line":28,"column":8},"end":{"line":28,"column":73}},"12":{"start":{"line":31,"column":19},"end":{"line":31,"column":76}},"13":{"start":{"line":32,"column":6},"end":{"line":32,"column":33}},"14":{"start":{"line":34,"column":6},"end":{"line":34,"column":16}},"15":{"start":{"line":39,"column":4},"end":{"line":54,"column":5}},"16":{"start":{"line":40,"column":25},"end":{"line":40,"column":35}},"17":{"start":{"line":41,"column":26},"end":{"line":41,"column":34}},"18":{"start":{"line":43,"column":19},"end":{"line":43,"column":46}},"19":{"start":{"line":44,"column":6},"end":{"line":44,"column":60}},"20":{"start":{"line":44,"column":17},"end":{"line":44,"column":60}},"21":{"start":{"line":46,"column":6},"end":{"line":48,"column":7}},"22":{"start":{"line":47,"column":8},"end":{"line":47,"column":73}},"23":{"start":{"line":50,"column":6},"end":{"line":50,"column":53}},"24":{"start":{"line":51,"column":6},"end":{"line":51,"column":21}},"25":{"start":{"line":53,"column":6},"end":{"line":53,"column":16}},"26":{"start":{"line":58,"column":4},"end":{"line":68,"column":5}},"27":{"start":{"line":59,"column":25},"end":{"line":59,"column":35}},"28":{"start":{"line":61,"column":19},"end":{"line":61,"column":46}},"29":{"start":{"line":62,"column":6},"end":{"line":62,"column":60}},"30":{"start":{"line":62,"column":17},"end":{"line":62,"column":60}},"31":{"start":{"line":64,"column":6},"end":{"line":64,"column":27}},"32":{"start":{"line":65,"column":6},"end":{"line":65,"column":44}},"33":{"start":{"line":67,"column":6},"end":{"line":67,"column":16}},"34":{"start":{"line":72,"column":0},"end":{"line":72,"column":33}}},"fnMap":{"0":{"name":"(anonymous_0)","decl":{"start":{"line":7,"column":2},"end":{"line":7,"column":3}},"loc":{"start":{"line":7,"column":45},"end":{"line":19,"column":3}},"line":7},"1":{"name":"(anonymous_1)","decl":{"start":{"line":22,"column":2},"end":{"line":22,"column":3}},"loc":{"start":{"line":22,"column":38},"end":{"line":36,"column":3}},"line":22},"2":{"name":"(anonymous_2)","decl":{"start":{"line":38,"column":2},"end":{"line":38,"column":3}},"loc":{"start":{"line":38,"column":38},"end":{"line":55,"column":3}},"line":38},"3":{"name":"(anonymous_3)","decl":{"start":{"line":57,"column":2},"end":{"line":57,"column":3}},"loc":{"start":{"line":57,"column":39},"end":{"line":69,"column":3}},"line":57}},"branchMap":{"0":{"loc":{"start":{"line":27,"column":6},"end":{"line":29,"column":7}},"type":"if","locations":[{"start":{"line":27,"column":6},"end":{"line":29,"column":7}},{"start":{},"end":{}}],"line":27},"1":{"loc":{"start":{"line":27,"column":10},"end":{"line":27,"column":37}},"type":"binary-expr","locations":[{"start":{"line":27,"column":10},"end":{"line":27,"column":18}},{"start":{"line":27,"column":22},"end":{"line":27,"column":37}}],"line":27},"2":{"loc":{"start":{"line":44,"column":6},"end":{"line":44,"column":60}},"type":"if","locations":[{"start":{"line":44,"column":6},"end":{"line":44,"column":60}},{"start":{},"end":{}}],"line":44},"3":{"loc":{"start":{"line":46,"column":6},"end":{"line":48,"column":7}},"type":"if","locations":[{"start":{"line":46,"column":6},"end":{"line":48,"column":7}},{"start":{},"end":{}}],"line":46},"4":{"loc":{"start":{"line":46,"column":10},"end":{"line":46,"column":37}},"type":"binary-expr","locations":[{"start":{"line":46,"column":10},"end":{"line":46,"column":18}},{"start":{"line":46,"column":22},"end":{"line":46,"column":37}}],"line":46},"5":{"loc":{"start":{"line":62,"column":6},"end":{"line":62,"column":60}},"type":"if","locations":[{"start":{"line":62,"column":6},"end":{"line":62,"column":60}},{"start":{},"end":{}}],"line":62}},"s":{"0":5,"1":5,"2":1,"3":1,"4":1,"5":1,"6":0,"7":2,"8":2,"9":2,"10":2,"11":1,"12":1,"13":1,"14":1,"15":1,"16":1,"17":1,"18":1,"19":1,"20":0,"21":1,"22":0,"23":1,"24":1,"25":0,"26":1,"27":1,"28":1,"29":1,"30":0,"31":1,"32":1,"33":0,"34":5},"f":{"0":1,"1":2,"2":1,"3":1},"b":{"0":[1,1],"1":[2,1],"2":[0,1],"3":[0,1],"4":[1,1],"5":[0,1]},"_coverageSchema":"1a1c01bbd47fc00a2c39e90264f33305004495a9","hash":"860f96a9d7a94b4f5d726482883432d8f476c332"}
,"C:\\Users\\T495\\Documents\\Hacktiv8\\Phase 2\\Week 3\\IP-HCK86-NewsFlashAI\\server\\middlewares\\auth.js": {"path":"C:\\Users\\T495\\Documents\\Hacktiv8\\Phase 2\\Week 3\\IP-HCK86-NewsFlashAI\\server\\middlewares\\auth.js","statementMap":{"0":{"start":{"line":3,"column":24},"end":{"line":3,"column":47}},"1":{"start":{"line":4,"column":17},"end":{"line":4,"column":37}},"2":{"start":{"line":6,"column":0},"end":{"line":24,"column":2}},"3":{"start":{"line":7,"column":2},"end":{"line":23,"column":3}},"4":{"start":{"line":8,"column":23},"end":{"line":8,"column":54}},"5":{"start":{"line":9,"column":18},"end":{"line":9,"column":79}},"6":{"start":{"line":10,"column":4},"end":{"line":10,"column":102}},"7":{"start":{"line":10,"column":16},"end":{"line":10,"column":102}},"8":{"start":{"line":12,"column":20},"end":{"line":12,"column":38}},"9":{"start":{"line":13,"column":17},"end":{"line":13,"column":48}},"10":{"start":{"line":14,"column":4},"end":{"line":14,"column":101}},"11":{"start":{"line":14,"column":15},"end":{"line":14,"column":101}},"12":{"start":{"line":16,"column":4},"end":{"line":16,"column":67}},"13":{"start":{"line":17,"column":4},"end":{"line":17,"column":11}},"14":{"start":{"line":20,"column":4},"end":{"line":20,"column":35}},"15":{"start":{"line":21,"column":4},"end":{"line":21,"column":42}},"16":{"start":{"line":22,"column":4},"end":{"line":22,"column":14}}},"fnMap":{"0":{"name":"auth","decl":{"start":{"line":6,"column":32},"end":{"line":6,"column":36}},"loc":{"start":{"line":6,"column":53},"end":{"line":24,"column":1}},"line":6}},"branchMap":{"0":{"loc":{"start":{"line":8,"column":23},"end":{"line":8,"column":54}},"type":"binary-expr","locations":[{"start":{"line":8,"column":23},"end":{"line":8,"column":48}},{"start":{"line":8,"column":52},"end":{"line":8,"column":54}}],"line":8},"1":{"loc":{"start":{"line":9,"column":18},"end":{"line":9,"column":79}},"type":"cond-expr","locations":[{"start":{"line":9,"column":53},"end":{"line":9,"column":72}},{"start":{"line":9,"column":75},"end":{"line":9,"column":79}}],"line":9},"2":{"loc":{"start":{"line":10,"column":4},"end":{"line":10,"column":102}},"type":"if","locations":[{"start":{"line":10,"column":4},"end":{"line":10,"column":102}},{"start":{},"end":{}}],"line":10},"3":{"loc":{"start":{"line":14,"column":4},"end":{"line":14,"column":101}},"type":"if","locations":[{"start":{"line":14,"column":4},"end":{"line":14,"column":101}},{"start":{},"end":{}}],"line":14},"4":{"loc":{"start":{"line":20,"column":17},"end":{"line":20,"column":34}},"type":"binary-expr","locations":[{"start":{"line":20,"column":17},"end":{"line":20,"column":27}},{"start":{"line":20,"column":31},"end":{"line":20,"column":34}}],"line":20},"5":{"loc":{"start":{"line":21,"column":15},"end":{"line":21,"column":41}},"type":"binary-expr","locations":[{"start":{"line":21,"column":15},"end":{"line":21,"column":23}},{"start":{"line":21,"column":27},"end":{"line":21,"column":41}}],"line":21}},"s":{"0":5,"1":5,"2":5,"3":19,"4":19,"5":19,"6":19,"7":3,"8":16,"9":16,"10":16,"11":0,"12":16,"13":16,"14":3,"15":3,"16":3},"f":{"0":19},"b":{"0":[19,3],"1":[16,3],"2":[3,16],"3":[0,16],"4":[3,0],"5":[3,0]},"_coverageSchema":"1a1c01bbd47fc00a2c39e90264f33305004495a9","hash":"0c8de2647723648373acf85e710ad5f515ad241c"}
,"C:\\Users\\T495\\Documents\\Hacktiv8\\Phase 2\\Week 3\\IP-HCK86-NewsFlashAI\\server\\middlewares\\checkArticleOwner.js": {"path":"C:\\Users\\T495\\Documents\\Hacktiv8\\Phase 2\\Week 3\\IP-HCK86-NewsFlashAI\\server\\middlewares\\checkArticleOwner.js","statementMap":{"0":{"start":{"line":3,"column":20},"end":{"line":3,"column":40}},"1":{"start":{"line":4,"column":22},"end":{"line":4,"column":51}},"2":{"start":{"line":7,"column":2},"end":{"line":20,"column":3}},"3":{"start":{"line":8,"column":19},"end":{"line":8,"column":29}},"4":{"start":{"line":9,"column":20},"end":{"line":9,"column":46}},"5":{"start":{"line":11,"column":4},"end":{"line":11,"column":64}},"6":{"start":{"line":11,"column":18},"end":{"line":11,"column":64}},"7":{"start":{"line":12,"column":4},"end":{"line":14,"column":5}},"8":{"start":{"line":13,"column":6},"end":{"line":13,"column":63}},"9":{"start":{"line":16,"column":4},"end":{"line":16,"column":25}},"10":{"start":{"line":17,"column":4},"end":{"line":17,"column":11}},"11":{"start":{"line":19,"column":4},"end":{"line":19,"column":14}},"12":{"start":{"line":23,"column":0},"end":{"line":23,"column":35}}},"fnMap":{"0":{"name":"checkArticleOwner","decl":{"start":{"line":6,"column":15},"end":{"line":6,"column":32}},"loc":{"start":{"line":6,"column":49},"end":{"line":21,"column":1}},"line":6}},"branchMap":{"0":{"loc":{"start":{"line":11,"column":4},"end":{"line":11,"column":64}},"type":"if","locations":[{"start":{"line":11,"column":4},"end":{"line":11,"column":64}},{"start":{},"end":{}}],"line":11},"1":{"loc":{"start":{"line":12,"column":4},"end":{"line":14,"column":5}},"type":"if","locations":[{"start":{"line":12,"column":4},"end":{"line":14,"column":5}},{"start":{},"end":{}}],"line":12}},"s":{"0":5,"1":5,"2":4,"3":4,"4":4,"5":4,"6":0,"7":4,"8":0,"9":4,"10":4,"11":0,"12":5},"f":{"0":4},"b":{"0":[0,4],"1":[0,4]},"_coverageSchema":"1a1c01bbd47fc00a2c39e90264f33305004495a9","hash":"1f0b99d24cbc15a0629c3aa49eb33c0387dec467"}
,"C:\\Users\\T495\\Documents\\Hacktiv8\\Phase 2\\Week 3\\IP-HCK86-NewsFlashAI\\server\\middlewares\\errorHandler.js": {"path":"C:\\Users\\T495\\Documents\\Hacktiv8\\Phase 2\\Week 3\\IP-HCK86-NewsFlashAI\\server\\middlewares\\errorHandler.js","statementMap":{"0":{"start":{"line":2,"column":0},"end":{"line":99,"column":2}},"1":{"start":{"line":4,"column":15},"end":{"line":4,"column":32}},"2":{"start":{"line":5,"column":13},"end":{"line":5,"column":41}},"3":{"start":{"line":6,"column":16},"end":{"line":6,"column":54}},"4":{"start":{"line":10,"column":2},"end":{"line":21,"column":3}},"5":{"start":{"line":11,"column":4},"end":{"line":11,"column":41}},"6":{"start":{"line":12,"column":4},"end":{"line":12,"column":32}},"7":{"start":{"line":13,"column":4},"end":{"line":13,"column":81}},"8":{"start":{"line":14,"column":4},"end":{"line":20,"column":6}},"9":{"start":{"line":24,"column":2},"end":{"line":28,"column":3}},"10":{"start":{"line":25,"column":4},"end":{"line":25,"column":17}},"11":{"start":{"line":26,"column":4},"end":{"line":26,"column":27}},"12":{"start":{"line":27,"column":4},"end":{"line":27,"column":45}},"13":{"start":{"line":29,"column":2},"end":{"line":33,"column":3}},"14":{"start":{"line":30,"column":4},"end":{"line":30,"column":17}},"15":{"start":{"line":31,"column":4},"end":{"line":31,"column":27}},"16":{"start":{"line":32,"column":4},"end":{"line":32,"column":49}},"17":{"start":{"line":36,"column":2},"end":{"line":40,"column":3}},"18":{"start":{"line":37,"column":4},"end":{"line":37,"column":17}},"19":{"start":{"line":38,"column":4},"end":{"line":38,"column":31}},"20":{"start":{"line":39,"column":4},"end":{"line":39,"column":60}},"21":{"start":{"line":43,"column":2},"end":{"line":48,"column":3}},"22":{"start":{"line":44,"column":4},"end":{"line":44,"column":17}},"23":{"start":{"line":45,"column":4},"end":{"line":45,"column":30}},"24":{"start":{"line":46,"column":4},"end":{"line":46,"column":33}},"25":{"start":{"line":47,"column":4},"end":{"line":47,"column":76}},"26":{"start":{"line":47,"column":36},"end":{"line":47,"column":73}},"27":{"start":{"line":49,"column":2},"end":{"line":54,"column":3}},"28":{"start":{"line":50,"column":4},"end":{"line":50,"column":17}},"29":{"start":{"line":51,"column":4},"end":{"line":51,"column":31}},"30":{"start":{"line":52,"column":4},"end":{"line":52,"column":59}},"31":{"start":{"line":53,"column":4},"end":{"line":53,"column":76}},"32":{"start":{"line":53,"column":36},"end":{"line":53,"column":73}},"33":{"start":{"line":55,"column":2},"end":{"line":60,"column":3}},"34":{"start":{"line":56,"column":4},"end":{"line":56,"column":17}},"35":{"start":{"line":57,"column":4},"end":{"line":57,"column":27}},"36":{"start":{"line":58,"column":4},"end":{"line":58,"column":54}},"37":{"start":{"line":59,"column":4},"end":{"line":59,"column":55}},"38":{"start":{"line":61,"column":2},"end":{"line":65,"column":3}},"39":{"start":{"line":62,"column":4},"end":{"line":62,"column":17}},"40":{"start":{"line":63,"column":4},"end":{"line":63,"column":22}},"41":{"start":{"line":64,"column":4},"end":{"line":64,"column":31}},"42":{"start":{"line":68,"column":2},"end":{"line":70,"column":3}},"43":{"start":{"line":69,"column":4},"end":{"line":69,"column":17}},"44":{"start":{"line":71,"column":2},"end":{"line":73,"column":3}},"45":{"start":{"line":72,"column":4},"end":{"line":72,"column":17}},"46":{"start":{"line":74,"column":2},"end":{"line":76,"column":3}},"47":{"start":{"line":75,"column":4},"end":{"line":75,"column":17}},"48":{"start":{"line":77,"column":2},"end":{"line":79,"column":3}},"49":{"start":{"line":78,"column":4},"end":{"line":78,"column":17}},"50":{"start":{"line":82,"column":18},"end":{"line":87,"column":3}},"51":{"start":{"line":90,"column":2},"end":{"line":93,"column":3}},"52":{"start":{"line":91,"column":4},"end":{"line":91,"column":49}},"53":{"start":{"line":91,"column":17},"end":{"line":91,"column":49}},"54":{"start":{"line":92,"column":4},"end":{"line":92,"column":42}},"55":{"start":{"line":92,"column":19},"end":{"line":92,"column":42}},"56":{"start":{"line":96,"column":2},"end":{"line":96,"column":77}},"57":{"start":{"line":98,"column":2},"end":{"line":98,"column":35}}},"fnMap":{"0":{"name":"errorHandler","decl":{"start":{"line":2,"column":26},"end":{"line":2,"column":38}},"loc":{"start":{"line":2,"column":60},"end":{"line":99,"column":1}},"line":2},"1":{"name":"(anonymous_1)","decl":{"start":{"line":47,"column":30},"end":{"line":47,"column":31}},"loc":{"start":{"line":47,"column":36},"end":{"line":47,"column":73}},"line":47},"2":{"name":"(anonymous_2)","decl":{"start":{"line":53,"column":30},"end":{"line":53,"column":31}},"loc":{"start":{"line":53,"column":36},"end":{"line":53,"column":73}},"line":53}},"branchMap":{"0":{"loc":{"start":{"line":4,"column":15},"end":{"line":4,"column":32}},"type":"binary-expr","locations":[{"start":{"line":4,"column":15},"end":{"line":4,"column":25}},{"start":{"line":4,"column":29},"end":{"line":4,"column":32}}],"line":4},"1":{"loc":{"start":{"line":5,"column":13},"end":{"line":5,"column":41}},"type":"binary-expr","locations":[{"start":{"line":5,"column":13},"end":{"line":5,"column":21}},{"start":{"line":5,"column":25},"end":{"line":5,"column":41}}],"line":5},"2":{"loc":{"start":{"line":6,"column":16},"end":{"line":6,"column":54}},"type":"binary-expr","locations":[{"start":{"line":6,"column":16},"end":{"line":6,"column":27}},{"start":{"line":6,"column":31},"end":{"line":6,"column":54}}],"line":6},"3":{"loc":{"start":{"line":10,"column":2},"end":{"line":21,"column":3}},"type":"if","locations":[{"start":{"line":10,"column":2},"end":{"line":21,"column":3}},{"start":{},"end":{}}],"line":10},"4":{"loc":{"start":{"line":11,"column":13},"end":{"line":11,"column":40}},"type":"binary-expr","locations":[{"start":{"line":11,"column":13},"end":{"line":11,"column":33}},{"start":{"line":11,"column":37},"end":{"line":11,"column":40}}],"line":11},"5":{"loc":{"start":{"line":13,"column":14},"end":{"line":13,"column":80}},"type":"binary-expr","locations":[{"start":{"line":13,"column":14},"end":{"line":13,"column":41}},{"start":{"line":13,"column":45},"end":{"line":13,"column":56}},{"start":{"line":13,"column":60},"end":{"line":13,"column":80}}],"line":13},"6":{"loc":{"start":{"line":24,"column":2},"end":{"line":28,"column":3}},"type":"if","locations":[{"start":{"line":24,"column":2},"end":{"line":28,"column":3}},{"start":{},"end":{}}],"line":24},"7":{"loc":{"start":{"line":29,"column":2},"end":{"line":33,"column":3}},"type":"if","locations":[{"start":{"line":29,"column":2},"end":{"line":33,"column":3}},{"start":{},"end":{}}],"line":29},"8":{"loc":{"start":{"line":36,"column":2},"end":{"line":40,"column":3}},"type":"if","locations":[{"start":{"line":36,"column":2},"end":{"line":40,"column":3}},{"start":{},"end":{}}],"line":36},"9":{"loc":{"start":{"line":39,"column":14},"end":{"line":39,"column":59}},"type":"binary-expr","locations":[{"start":{"line":39,"column":14},"end":{"line":39,"column":25}},{"start":{"line":39,"column":29},"end":{"line":39,"column":59}}],"line":39},"10":{"loc":{"start":{"line":43,"column":2},"end":{"line":48,"column":3}},"type":"if","locations":[{"start":{"line":43,"column":2},"end":{"line":48,"column":3}},{"start":{},"end":{}}],"line":43},"11":{"loc":{"start":{"line":49,"column":2},"end":{"line":54,"column":3}},"type":"if","locations":[{"start":{"line":49,"column":2},"end":{"line":54,"column":3}},{"start":{},"end":{}}],"line":49},"12":{"loc":{"start":{"line":55,"column":2},"end":{"line":60,"column":3}},"type":"if","locations":[{"start":{"line":55,"column":2},"end":{"line":60,"column":3}},{"start":{},"end":{}}],"line":55},"13":{"loc":{"start":{"line":61,"column":2},"end":{"line":65,"column":3}},"type":"if","locations":[{"start":{"line":61,"column":2},"end":{"line":65,"column":3}},{"start":{},"end":{}}],"line":61},"14":{"loc":{"start":{"line":68,"column":2},"end":{"line":70,"column":3}},"type":"if","locations":[{"start":{"line":68,"column":2},"end":{"line":70,"column":3}},{"start":{},"end":{}}],"line":68},"15":{"loc":{"start":{"line":71,"column":2},"end":{"line":73,"column":3}},"type":"if","locations":[{"start":{"line":71,"column":2},"end":{"line":73,"column":3}},{"start":{},"end":{}}],"line":71},"16":{"loc":{"start":{"line":74,"column":2},"end":{"line":76,"column":3}},"type":"if","locations":[{"start":{"line":74,"column":2},"end":{"line":76,"column":3}},{"start":{},"end":{}}],"line":74},"17":{"loc":{"start":{"line":77,"column":2},"end":{"line":79,"column":3}},"type":"if","locations":[{"start":{"line":77,"column":2},"end":{"line":79,"column":3}},{"start":{},"end":{}}],"line":77},"18":{"loc":{"start":{"line":90,"column":2},"end":{"line":93,"column":3}},"type":"if","locations":[{"start":{"line":90,"column":2},"end":{"line":93,"column":3}},{"start":{},"end":{}}],"line":90},"19":{"loc":{"start":{"line":91,"column":4},"end":{"line":91,"column":49}},"type":"if","locations":[{"start":{"line":91,"column":4},"end":{"line":91,"column":49}},{"start":{},"end":{}}],"line":91},"20":{"loc":{"start":{"line":92,"column":4},"end":{"line":92,"column":42}},"type":"if","locations":[{"start":{"line":92,"column":4},"end":{"line":92,"column":42}},{"start":{},"end":{}}],"line":92}},"s":{"0":6,"1":26,"2":26,"3":26,"4":26,"5":1,"6":1,"7":1,"8":1,"9":26,"10":1,"11":1,"12":1,"13":26,"14":1,"15":1,"16":1,"17":26,"18":3,"19":3,"20":3,"21":26,"22":1,"23":1,"24":1,"25":1,"26":1,"27":26,"28":1,"29":1,"30":1,"31":1,"32":1,"33":26,"34":1,"35":1,"36":1,"37":1,"38":26,"39":1,"40":1,"41":1,"42":26,"43":3,"44":26,"45":1,"46":26,"47":1,"48":26,"49":4,"50":26,"51":26,"52":26,"53":4,"54":26,"55":18,"56":26,"57":26},"f":{"0":26,"1":1,"2":1},"b":{"0":[26,15],"1":[26,17],"2":[26,0],"3":[1,25],"4":[1,0],"5":[1,0,0],"6":[1,25],"7":[1,25],"8":[3,23],"9":[3,0],"10":[1,25],"11":[1,25],"12":[1,25],"13":[1,25],"14":[3,23],"15":[1,25],"16":[1,25],"17":[4,22],"18":[26,0],"19":[4,22],"20":[18,8]},"_coverageSchema":"1a1c01bbd47fc00a2c39e90264f33305004495a9","hash":"54d0c7fc0d8ec9ee629afb09d52171bb62b78c3e"}
,"C:\\Users\\T495\\Documents\\Hacktiv8\\Phase 2\\Week 3\\IP-HCK86-NewsFlashAI\\server\\middlewares\\notFound.js": {"path":"C:\\Users\\T495\\Documents\\Hacktiv8\\Phase 2\\Week 3\\IP-HCK86-NewsFlashAI\\server\\middlewares\\notFound.js","statementMap":{"0":{"start":{"line":1,"column":0},"end":{"line":8,"column":2}},"1":{"start":{"line":2,"column":2},"end":{"line":7,"column":5}}},"fnMap":{"0":{"name":"notFound","decl":{"start":{"line":1,"column":26},"end":{"line":1,"column":34}},"loc":{"start":{"line":1,"column":51},"end":{"line":8,"column":1}},"line":1}},"branchMap":{},"s":{"0":5,"1":0},"f":{"0":0},"b":{},"_coverageSchema":"1a1c01bbd47fc00a2c39e90264f33305004495a9","hash":"694075c3b6ae57ef57d3016ff68a24ba9402f74b"}
,"C:\\Users\\T495\\Documents\\Hacktiv8\\Phase 2\\Week 3\\IP-HCK86-NewsFlashAI\\server\\models\\article.js": {"path":"C:\\Users\\T495\\Documents\\Hacktiv8\\Phase 2\\Week 3\\IP-HCK86-NewsFlashAI\\server\\models\\article.js","statementMap":{"0":{"start":{"line":2,"column":26},"end":{"line":2,"column":46}},"1":{"start":{"line":3,"column":0},"end":{"line":42,"column":2}},"2":{"start":{"line":6,"column":6},"end":{"line":6,"column":63}},"3":{"start":{"line":7,"column":6},"end":{"line":10,"column":9}},"4":{"start":{"line":13,"column":2},"end":{"line":40,"column":4}},"5":{"start":{"line":41,"column":2},"end":{"line":41,"column":17}}},"fnMap":{"0":{"name":"(anonymous_0)","decl":{"start":{"line":3,"column":17},"end":{"line":3,"column":18}},"loc":{"start":{"line":3,"column":43},"end":{"line":42,"column":1}},"line":3},"1":{"name":"(anonymous_1)","decl":{"start":{"line":5,"column":4},"end":{"line":5,"column":5}},"loc":{"start":{"line":5,"column":29},"end":{"line":11,"column":5}},"line":5}},"branchMap":{},"s":{"0":1,"1":1,"2":1,"3":1,"4":1,"5":1},"f":{"0":1,"1":1},"b":{},"_coverageSchema":"1a1c01bbd47fc00a2c39e90264f33305004495a9","hash":"aa85c30712f60cb7abbcdd2084de7c230526b321"}
,"C:\\Users\\T495\\Documents\\Hacktiv8\\Phase 2\\Week 3\\IP-HCK86-NewsFlashAI\\server\\models\\index.js": {"path":"C:\\Users\\T495\\Documents\\Hacktiv8\\Phase 2\\Week 3\\IP-HCK86-NewsFlashAI\\server\\models\\index.js","statementMap":{"0":{"start":{"line":3,"column":11},"end":{"line":3,"column":24}},"1":{"start":{"line":4,"column":13},"end":{"line":4,"column":28}},"2":{"start":{"line":5,"column":18},"end":{"line":5,"column":38}},"3":{"start":{"line":6,"column":16},"end":{"line":6,"column":34}},"4":{"start":{"line":7,"column":17},"end":{"line":7,"column":42}},"5":{"start":{"line":8,"column":12},"end":{"line":8,"column":49}},"6":{"start":{"line":9,"column":15},"end":{"line":9,"column":65}},"7":{"start":{"line":10,"column":11},"end":{"line":10,"column":13}},"8":{"start":{"line":13,"column":0},"end":{"line":17,"column":1}},"9":{"start":{"line":14,"column":2},"end":{"line":14,"column":74}},"10":{"start":{"line":16,"column":2},"end":{"line":16,"column":87}},"11":{"start":{"line":19,"column":0},"end":{"line":32,"column":5}},"12":{"start":{"line":22,"column":4},"end":{"line":27,"column":6}},"13":{"start":{"line":30,"column":18},"end":{"line":30,"column":85}},"14":{"start":{"line":31,"column":4},"end":{"line":31,"column":27}},"15":{"start":{"line":34,"column":0},"end":{"line":38,"column":3}},"16":{"start":{"line":35,"column":2},"end":{"line":37,"column":3}},"17":{"start":{"line":36,"column":4},"end":{"line":36,"column":32}},"18":{"start":{"line":40,"column":0},"end":{"line":40,"column":25}},"19":{"start":{"line":41,"column":0},"end":{"line":41,"column":25}},"20":{"start":{"line":43,"column":0},"end":{"line":43,"column":20}}},"fnMap":{"0":{"name":"(anonymous_0)","decl":{"start":{"line":21,"column":10},"end":{"line":21,"column":11}},"loc":{"start":{"line":21,"column":18},"end":{"line":28,"column":3}},"line":21},"1":{"name":"(anonymous_1)","decl":{"start":{"line":29,"column":11},"end":{"line":29,"column":12}},"loc":{"start":{"line":29,"column":19},"end":{"line":32,"column":3}},"line":29},"2":{"name":"(anonymous_2)","decl":{"start":{"line":34,"column":24},"end":{"line":34,"column":25}},"loc":{"start":{"line":34,"column":37},"end":{"line":38,"column":1}},"line":34}},"branchMap":{"0":{"loc":{"start":{"line":8,"column":12},"end":{"line":8,"column":49}},"type":"binary-expr","locations":[{"start":{"line":8,"column":12},"end":{"line":8,"column":32}},{"start":{"line":8,"column":36},"end":{"line":8,"column":49}}],"line":8},"1":{"loc":{"start":{"line":13,"column":0},"end":{"line":17,"column":1}},"type":"if","locations":[{"start":{"line":13,"column":0},"end":{"line":17,"column":1}},{"start":{"line":15,"column":7},"end":{"line":17,"column":1}}],"line":13},"2":{"loc":{"start":{"line":23,"column":6},"end":{"line":26,"column":37}},"type":"binary-expr","locations":[{"start":{"line":23,"column":6},"end":{"line":23,"column":29}},{"start":{"line":24,"column":6},"end":{"line":24,"column":23}},{"start":{"line":25,"column":6},"end":{"line":25,"column":30}},{"start":{"line":26,"column":6},"end":{"line":26,"column":37}}],"line":23},"3":{"loc":{"start":{"line":35,"column":2},"end":{"line":37,"column":3}},"type":"if","locations":[{"start":{"line":35,"column":2},"end":{"line":37,"column":3}},{"start":{},"end":{}}],"line":35}},"s":{"0":1,"1":1,"2":1,"3":1,"4":1,"5":1,"6":1,"7":1,"8":1,"9":0,"10":1,"11":1,"12":4,"13":3,"14":3,"15":1,"16":3,"17":3,"18":1,"19":1,"20":1},"f":{"0":4,"1":3,"2":3},"b":{"0":[1,0],"1":[0,1],"2":[4,4,3,3],"3":[3,0]},"_coverageSchema":"1a1c01bbd47fc00a2c39e90264f33305004495a9","hash":"8851bab97d88be0911c8cac803da3cd11b38df6e"}
,"C:\\Users\\T495\\Documents\\Hacktiv8\\Phase 2\\Week 3\\IP-HCK86-NewsFlashAI\\server\\models\\note.js": {"path":"C:\\Users\\T495\\Documents\\Hacktiv8\\Phase 2\\Week 3\\IP-HCK86-NewsFlashAI\\server\\models\\note.js","statementMap":{"0":{"start":{"line":2,"column":18},"end":{"line":2,"column":38}},"1":{"start":{"line":3,"column":0},"end":{"line":23,"column":2}},"2":{"start":{"line":6,"column":6},"end":{"line":6,"column":66}},"3":{"start":{"line":9,"column":2},"end":{"line":21,"column":4}},"4":{"start":{"line":22,"column":2},"end":{"line":22,"column":14}}},"fnMap":{"0":{"name":"(anonymous_0)","decl":{"start":{"line":3,"column":17},"end":{"line":3,"column":18}},"loc":{"start":{"line":3,"column":43},"end":{"line":23,"column":1}},"line":3},"1":{"name":"(anonymous_1)","decl":{"start":{"line":5,"column":4},"end":{"line":5,"column":5}},"loc":{"start":{"line":5,"column":29},"end":{"line":7,"column":5}},"line":5}},"branchMap":{},"s":{"0":1,"1":1,"2":1,"3":1,"4":1},"f":{"0":1,"1":1},"b":{},"_coverageSchema":"1a1c01bbd47fc00a2c39e90264f33305004495a9","hash":"54e2925ac11245950310a66d137a072d2df3ecbd"}
,"C:\\Users\\T495\\Documents\\Hacktiv8\\Phase 2\\Week 3\\IP-HCK86-NewsFlashAI\\server\\models\\user.js": {"path":"C:\\Users\\T495\\Documents\\Hacktiv8\\Phase 2\\Week 3\\IP-HCK86-NewsFlashAI\\server\\models\\user.js","statementMap":{"0":{"start":{"line":2,"column":18},"end":{"line":2,"column":38}},"1":{"start":{"line":3,"column":0},"end":{"line":28,"column":2}},"2":{"start":{"line":6,"column":6},"end":{"line":6,"column":61}},"3":{"start":{"line":9,"column":2},"end":{"line":26,"column":4}},"4":{"start":{"line":27,"column":2},"end":{"line":27,"column":14}}},"fnMap":{"0":{"name":"(anonymous_0)","decl":{"start":{"line":3,"column":17},"end":{"line":3,"column":18}},"loc":{"start":{"line":3,"column":43},"end":{"line":28,"column":1}},"line":3},"1":{"name":"(anonymous_1)","decl":{"start":{"line":5,"column":4},"end":{"line":5,"column":5}},"loc":{"start":{"line":5,"column":29},"end":{"line":7,"column":5}},"line":5}},"branchMap":{},"s":{"0":1,"1":1,"2":1,"3":1,"4":1},"f":{"0":1,"1":1},"b":{},"_coverageSchema":"1a1c01bbd47fc00a2c39e90264f33305004495a9","hash":"9b1c386b3b72cd0517cbafbc8e4d476e20608ace"}
,"C:\\Users\\T495\\Documents\\Hacktiv8\\Phase 2\\Week 3\\IP-HCK86-NewsFlashAI\\server\\routes\\index.js": {"path":"C:\\Users\\T495\\Documents\\Hacktiv8\\Phase 2\\Week 3\\IP-HCK86-NewsFlashAI\\server\\routes\\index.js","statementMap":{"0":{"start":{"line":1,"column":16},"end":{"line":1,"column":34}},"1":{"start":{"line":2,"column":15},"end":{"line":2,"column":31}},"2":{"start":{"line":4,"column":23},"end":{"line":4,"column":63}},"3":{"start":{"line":5,"column":26},"end":{"line":5,"column":69}},"4":{"start":{"line":6,"column":23},"end":{"line":6,"column":63}},"5":{"start":{"line":7,"column":21},"end":{"line":7,"column":59}},"6":{"start":{"line":8,"column":24},"end":{"line":8,"column":64}},"7":{"start":{"line":9,"column":26},"end":{"line":9,"column":69}},"8":{"start":{"line":10,"column":13},"end":{"line":10,"column":43}},"9":{"start":{"line":13,"column":0},"end":{"line":13,"column":57}},"10":{"start":{"line":16,"column":0},"end":{"line":16,"column":50}},"11":{"start":{"line":19,"column":0},"end":{"line":19,"column":56}},"12":{"start":{"line":20,"column":0},"end":{"line":20,"column":57}},"13":{"start":{"line":21,"column":0},"end":{"line":21,"column":79}},"14":{"start":{"line":22,"column":0},"end":{"line":22,"column":82}},"15":{"start":{"line":25,"column":0},"end":{"line":25,"column":71}},"16":{"start":{"line":26,"column":0},"end":{"line":26,"column":65}},"17":{"start":{"line":27,"column":0},"end":{"line":27,"column":78}},"18":{"start":{"line":28,"column":0},"end":{"line":28,"column":82}},"19":{"start":{"line":31,"column":0},"end":{"line":31,"column":59}},"20":{"start":{"line":33,"column":0},"end":{"line":33,"column":24}}},"fnMap":{},"branchMap":{},"s":{"0":5,"1":5,"2":5,"3":5,"4":5,"5":5,"6":5,"7":5,"8":5,"9":5,"10":5,"11":5,"12":5,"13":5,"14":5,"15":5,"16":5,"17":5,"18":5,"19":5,"20":5},"f":{},"b":{},"_coverageSchema":"1a1c01bbd47fc00a2c39e90264f33305004495a9","hash":"a9a3bc821d29edd1f146125eef2bc76b31b3271a"}
,"C:\\Users\\T495\\Documents\\Hacktiv8\\Phase 2\\Week 3\\IP-HCK86-NewsFlashAI\\server\\utils\\extractText.js": {"path":"C:\\Users\\T495\\Documents\\Hacktiv8\\Phase 2\\Week 3\\IP-HCK86-NewsFlashAI\\server\\utils\\extractText.js","statementMap":{"0":{"start":{"line":1,"column":14},"end":{"line":1,"column":30}},"1":{"start":{"line":2,"column":16},"end":{"line":2,"column":34}},"2":{"start":{"line":5,"column":25},"end":{"line":5,"column":65}},"3":{"start":{"line":6,"column":12},"end":{"line":6,"column":30}},"4":{"start":{"line":8,"column":16},"end":{"line":8,"column":48}},"5":{"start":{"line":9,"column":19},"end":{"line":9,"column":126}},"6":{"start":{"line":10,"column":18},"end":{"line":10,"column":70}},"7":{"start":{"line":12,"column":16},"end":{"line":12,"column":18}},"8":{"start":{"line":13,"column":2},"end":{"line":16,"column":5}},"9":{"start":{"line":14,"column":14},"end":{"line":14,"column":33}},"10":{"start":{"line":15,"column":4},"end":{"line":15,"column":42}},"11":{"start":{"line":15,"column":28},"end":{"line":15,"column":42}},"12":{"start":{"line":18,"column":15},"end":{"line":18,"column":45}},"13":{"start":{"line":19,"column":19},"end":{"line":19,"column":82}},"14":{"start":{"line":21,"column":2},"end":{"line":21,"column":47}},"15":{"start":{"line":24,"column":0},"end":{"line":24,"column":40}}},"fnMap":{"0":{"name":"extractTextFromUrl","decl":{"start":{"line":4,"column":15},"end":{"line":4,"column":33}},"loc":{"start":{"line":4,"column":39},"end":{"line":22,"column":1}},"line":4},"1":{"name":"(anonymous_1)","decl":{"start":{"line":13,"column":14},"end":{"line":13,"column":15}},"loc":{"start":{"line":13,"column":25},"end":{"line":16,"column":3}},"line":13}},"branchMap":{"0":{"loc":{"start":{"line":9,"column":19},"end":{"line":9,"column":126}},"type":"binary-expr","locations":[{"start":{"line":9,"column":19},"end":{"line":9,"column":64}},{"start":{"line":9,"column":68},"end":{"line":9,"column":120}},{"start":{"line":9,"column":124},"end":{"line":9,"column":126}}],"line":9},"1":{"loc":{"start":{"line":10,"column":18},"end":{"line":10,"column":70}},"type":"binary-expr","locations":[{"start":{"line":10,"column":18},"end":{"line":10,"column":64}},{"start":{"line":10,"column":68},"end":{"line":10,"column":70}}],"line":10},"2":{"loc":{"start":{"line":15,"column":4},"end":{"line":15,"column":42}},"type":"if","locations":[{"start":{"line":15,"column":4},"end":{"line":15,"column":42}},{"start":{},"end":{}}],"line":15},"3":{"loc":{"start":{"line":15,"column":8},"end":{"line":15,"column":26}},"type":"binary-expr","locations":[{"start":{"line":15,"column":8},"end":{"line":15,"column":9}},{"start":{"line":15,"column":13},"end":{"line":15,"column":26}}],"line":15},"4":{"loc":{"start":{"line":19,"column":20},"end":{"line":19,"column":36}},"type":"binary-expr","locations":[{"start":{"line":19,"column":20},"end":{"line":19,"column":27}},{"start":{"line":19,"column":31},"end":{"line":19,"column":36}}],"line":19},"5":{"loc":{"start":{"line":21,"column":9},"end":{"line":21,"column":46}},"type":"binary-expr","locations":[{"start":{"line":21,"column":9},"end":{"line":21,"column":17}},{"start":{"line":21,"column":22},"end":{"line":21,"column":27}},{"start":{"line":21,"column":31},"end":{"line":21,"column":39}},{"start":{"line":21,"column":43},"end":{"line":21,"column":45}}],"line":21}},"s":{"0":5,"1":5,"2":4,"3":4,"4":4,"5":4,"6":4,"7":4,"8":4,"9":5,"10":5,"11":3,"12":4,"13":4,"14":4,"15":5},"f":{"0":4,"1":5},"b":{"0":[4,2,2],"1":[4,3],"2":[3,2],"3":[5,5],"4":[4,3],"5":[4,1,1,1]},"_coverageSchema":"1a1c01bbd47fc00a2c39e90264f33305004495a9","hash":"f8907783b7ea10aa580e3841569dda8a7968a7d5"}
,"C:\\Users\\T495\\Documents\\Hacktiv8\\Phase 2\\Week 3\\IP-HCK86-NewsFlashAI\\server\\utils\\httpError.js": {"path":"C:\\Users\\T495\\Documents\\Hacktiv8\\Phase 2\\Week 3\\IP-HCK86-NewsFlashAI\\server\\utils\\httpError.js","statementMap":{"0":{"start":{"line":2,"column":14},"end":{"line":2,"column":43}},"1":{"start":{"line":3,"column":2},"end":{"line":3,"column":22}},"2":{"start":{"line":4,"column":2},"end":{"line":4,"column":28}},"3":{"start":{"line":4,"column":12},"end":{"line":4,"column":28}},"4":{"start":{"line":5,"column":2},"end":{"line":5,"column":13}},"5":{"start":{"line":8,"column":0},"end":{"line":8,"column":80}},"6":{"start":{"line":8,"column":54},"end":{"line":8,"column":79}},"7":{"start":{"line":9,"column":0},"end":{"line":9,"column":87}},"8":{"start":{"line":9,"column":51},"end":{"line":9,"column":86}},"9":{"start":{"line":10,"column":0},"end":{"line":10,"column":78}},"10":{"start":{"line":10,"column":45},"end":{"line":10,"column":77}},"11":{"start":{"line":11,"column":0},"end":{"line":11,"column":77}},"12":{"start":{"line":11,"column":44},"end":{"line":11,"column":76}},"13":{"start":{"line":13,"column":0},"end":{"line":13,"column":31}}},"fnMap":{"0":{"name":"httpError","decl":{"start":{"line":1,"column":9},"end":{"line":1,"column":18}},"loc":{"start":{"line":1,"column":42},"end":{"line":6,"column":1}},"line":1},"1":{"name":"(anonymous_1)","decl":{"start":{"line":8,"column":23},"end":{"line":8,"column":24}},"loc":{"start":{"line":8,"column":54},"end":{"line":8,"column":79}},"line":8},"2":{"name":"(anonymous_2)","decl":{"start":{"line":9,"column":25},"end":{"line":9,"column":26}},"loc":{"start":{"line":9,"column":51},"end":{"line":9,"column":86}},"line":9},"3":{"name":"(anonymous_3)","decl":{"start":{"line":10,"column":22},"end":{"line":10,"column":23}},"loc":{"start":{"line":10,"column":45},"end":{"line":10,"column":77}},"line":10},"4":{"name":"(anonymous_4)","decl":{"start":{"line":11,"column":21},"end":{"line":11,"column":22}},"loc":{"start":{"line":11,"column":44},"end":{"line":11,"column":76}},"line":11}},"branchMap":{"0":{"loc":{"start":{"line":2,"column":24},"end":{"line":2,"column":42}},"type":"binary-expr","locations":[{"start":{"line":2,"column":24},"end":{"line":2,"column":31}},{"start":{"line":2,"column":35},"end":{"line":2,"column":42}}],"line":2},"1":{"loc":{"start":{"line":4,"column":2},"end":{"line":4,"column":28}},"type":"if","locations":[{"start":{"line":4,"column":2},"end":{"line":4,"column":28}},{"start":{},"end":{}}],"line":4},"2":{"loc":{"start":{"line":8,"column":29},"end":{"line":8,"column":49}},"type":"default-arg","locations":[{"start":{"line":8,"column":36},"end":{"line":8,"column":49}}],"line":8},"3":{"loc":{"start":{"line":9,"column":26},"end":{"line":9,"column":46}},"type":"default-arg","locations":[{"start":{"line":9,"column":32},"end":{"line":9,"column":46}}],"line":9},"4":{"loc":{"start":{"line":10,"column":23},"end":{"line":10,"column":40}},"type":"default-arg","locations":[{"start":{"line":10,"column":29},"end":{"line":10,"column":40}}],"line":10},"5":{"loc":{"start":{"line":11,"column":22},"end":{"line":11,"column":39}},"type":"default-arg","locations":[{"start":{"line":11,"column":28},"end":{"line":11,"column":39}}],"line":11}},"s":{"0":11,"1":11,"2":11,"3":8,"4":11,"5":6,"6":4,"7":6,"8":1,"9":6,"10":1,"11":6,"12":1,"13":6},"f":{"0":11,"1":4,"2":1,"3":1,"4":1},"b":{"0":[11,0],"1":[8,3],"2":[2],"3":[1],"4":[1],"5":[1]},"_coverageSchema":"1a1c01bbd47fc00a2c39e90264f33305004495a9","hash":"d60ce2550cbb6b971c94a543dcec328ee2a952b3"}
,"C:\\Users\\T495\\Documents\\Hacktiv8\\Phase 2\\Week 3\\IP-HCK86-NewsFlashAI\\server\\utils\\jwt.js": {"path":"C:\\Users\\T495\\Documents\\Hacktiv8\\Phase 2\\Week 3\\IP-HCK86-NewsFlashAI\\server\\utils\\jwt.js","statementMap":{"0":{"start":{"line":1,"column":12},"end":{"line":1,"column":35}},"1":{"start":{"line":4,"column":2},"end":{"line":4,"column":51}},"2":{"start":{"line":8,"column":2},"end":{"line":8,"column":51}},"3":{"start":{"line":11,"column":0},"end":{"line":11,"column":44}}},"fnMap":{"0":{"name":"signToken","decl":{"start":{"line":3,"column":9},"end":{"line":3,"column":18}},"loc":{"start":{"line":3,"column":28},"end":{"line":5,"column":1}},"line":3},"1":{"name":"verifyToken","decl":{"start":{"line":7,"column":9},"end":{"line":7,"column":20}},"loc":{"start":{"line":7,"column":28},"end":{"line":9,"column":1}},"line":7}},"branchMap":{},"s":{"0":1,"1":0,"2":0,"3":1},"f":{"0":0,"1":0},"b":{},"_coverageSchema":"1a1c01bbd47fc00a2c39e90264f33305004495a9","hash":"dc86547283b35c98a106091c5925f43688d6d941"}
}
