TN:
SF:app.js
FNF:0
FNH:0
DA:1,5
DA:2,5
DA:5,5
DA:6,5
DA:7,5
DA:8,5
DA:9,5
DA:11,5
DA:13,5
DA:14,5
DA:15,5
DA:17,5
DA:19,5
DA:21,5
DA:22,5
LF:15
LH:15
BRDA:1,0,0,5
BRDA:1,0,1,0
BRF:2
BRH:1
end_of_record
TN:
SF:controllers\AiController.js
FN:13,buildPrompt
FN:40,callGemini
FN:52,(anonymous_2)
FNF:3
FNH:3
FNDA:3,buildPrompt
FNDA:3,callGemini
FNDA:7,(anonymous_2)
DA:1,5
DA:2,5
DA:3,5
DA:8,5
DA:11,5
DA:14,3
DA:15,3
DA:41,3
DA:42,3
DA:46,0
DA:47,0
DA:48,0
DA:53,7
DA:54,7
DA:57,7
DA:58,7
DA:60,7
DA:61,1
DA:64,7
DA:65,2
DA:66,2
DA:68,1
DA:69,0
DA:71,1
DA:74,6
DA:75,3
DA:80,3
DA:81,3
DA:85,3
DA:86,3
DA:87,0
DA:88,0
DA:91,0
DA:95,3
DA:100,0
DA:101,0
DA:105,0
DA:106,0
DA:107,0
DA:108,0
DA:111,0
DA:112,0
DA:120,0
DA:121,0
DA:127,0
DA:131,0
DA:139,7
DA:144,5
LF:48
LH:29
BRDA:11,0,0,5
BRDA:11,0,1,5
BRDA:14,1,0,3
BRDA:14,1,1,0
BRDA:54,2,0,7
BRDA:60,3,0,1
BRDA:60,3,1,6
BRDA:60,4,0,7
BRDA:60,4,1,4
BRDA:64,5,0,2
BRDA:64,5,1,5
BRDA:64,6,0,7
BRDA:64,6,1,3
BRDA:66,7,0,1
BRDA:66,7,1,1
BRDA:68,8,0,0
BRDA:68,8,1,1
BRDA:71,9,0,1
BRDA:71,9,1,0
BRDA:71,10,0,1
BRDA:71,10,1,1
BRDA:74,11,0,3
BRDA:74,11,1,3
BRDA:74,12,0,6
BRDA:74,12,1,4
BRDA:85,13,0,3
BRDA:85,13,1,3
BRDA:85,13,2,0
BRDA:86,14,0,0
BRDA:86,14,1,3
BRDA:100,15,0,0
BRDA:100,15,1,0
BRDA:100,16,0,0
BRDA:100,16,1,0
BRDA:100,16,2,0
BRDA:100,16,3,0
BRDA:106,17,0,0
BRDA:106,17,1,0
BRDA:106,18,0,0
BRDA:106,18,1,0
BRDA:106,18,2,0
BRDA:107,19,0,0
BRDA:107,19,1,0
BRDA:107,20,0,0
BRDA:107,20,1,0
BRDA:111,21,0,0
BRDA:111,21,1,0
BRDA:111,22,0,0
BRDA:111,22,1,0
BRDA:111,22,2,0
BRDA:115,23,0,0
BRDA:115,23,1,0
BRDA:118,24,0,0
BRDA:118,24,1,0
BRDA:120,25,0,0
BRDA:120,25,1,0
BRDA:124,26,0,0
BRDA:124,26,1,0
BRDA:134,27,0,0
BRDA:134,27,1,0
BRDA:136,28,0,0
BRDA:136,28,1,0
BRF:62
BRH:25
end_of_record
TN:
SF:controllers\ArticleController.js
FN:4,(anonymous_0)
FN:16,(anonymous_1)
FN:36,(anonymous_2)
FN:54,(anonymous_3)
FNF:4
FNH:4
FNDA:1,(anonymous_0)
FNDA:1,(anonymous_1)
FNDA:1,(anonymous_2)
FNDA:1,(anonymous_3)
DA:1,5
DA:5,1
DA:6,1
DA:10,1
DA:12,0
DA:17,1
DA:18,1
DA:20,1
DA:30,1
DA:32,0
DA:37,1
DA:38,1
DA:39,1
DA:41,1
DA:42,1
DA:43,1
DA:44,0
DA:47,1
DA:48,1
DA:50,0
DA:55,1
DA:56,1
DA:57,1
DA:60,1
DA:62,1
DA:63,1
DA:65,0
DA:70,5
LF:28
LH:23
BRDA:42,0,0,0
BRDA:42,0,1,1
BRDA:43,1,0,0
BRDA:43,1,1,1
BRDA:60,2,0,0
BRDA:60,2,1,1
BRF:6
BRH:3
end_of_record
TN:
SF:controllers\AuthController.js
FN:9,(anonymous_0)
FNF:1
FNH:1
FNDA:4,(anonymous_0)
DA:1,5
DA:2,5
DA:3,5
DA:4,5
DA:6,5
DA:10,4
DA:11,4
DA:12,4
DA:15,3
DA:16,3
DA:20,1
DA:22,2
DA:23,2
DA:24,2
DA:27,1
DA:32,1
DA:34,1
DA:42,3
DA:47,5
LF:19
LH:19
BRDA:12,0,0,1
BRDA:12,0,1,3
BRF:2
BRH:2
end_of_record
TN:
SF:controllers\NewsController.js
FN:5,(anonymous_0)
FN:24,(anonymous_1)
FNF:2
FNH:2
FNDA:3,(anonymous_0)
FNDA:1,(anonymous_1)
DA:1,5
DA:2,5
DA:6,3
DA:7,3
DA:8,3
DA:9,2
DA:12,1
DA:24,1
DA:34,1
DA:36,0
DA:41,5
LF:11
LH:10
BRDA:8,0,0,2
BRDA:8,0,1,1
BRDA:8,1,0,3
BRDA:8,1,1,2
BRF:4
BRH:4
end_of_record
TN:
SF:controllers\NoteController.js
FN:7,(anonymous_0)
FN:22,(anonymous_1)
FN:38,(anonymous_2)
FN:57,(anonymous_3)
FNF:4
FNH:4
FNDA:1,(anonymous_0)
FNDA:2,(anonymous_1)
FNDA:1,(anonymous_2)
FNDA:1,(anonymous_3)
DA:2,5
DA:3,5
DA:8,1
DA:9,1
DA:11,1
DA:15,1
DA:17,0
DA:23,2
DA:24,2
DA:25,2
DA:27,2
DA:28,1
DA:31,1
DA:32,1
DA:34,1
DA:39,1
DA:40,1
DA:41,1
DA:43,1
DA:44,1
DA:46,1
DA:47,0
DA:50,1
DA:51,1
DA:53,0
DA:58,1
DA:59,1
DA:61,1
DA:62,1
DA:64,1
DA:65,1
DA:67,0
DA:72,5
LF:33
LH:29
BRDA:27,0,0,1
BRDA:27,0,1,1
BRDA:27,1,0,2
BRDA:27,1,1,1
BRDA:44,2,0,0
BRDA:44,2,1,1
BRDA:46,3,0,0
BRDA:46,3,1,1
BRDA:46,4,0,1
BRDA:46,4,1,1
BRDA:62,5,0,0
BRDA:62,5,1,1
BRF:12
BRH:9
end_of_record
TN:
SF:middlewares\auth.js
FN:6,auth
FNF:1
FNH:1
FNDA:19,auth
DA:3,5
DA:4,5
DA:6,5
DA:7,19
DA:8,19
DA:9,19
DA:10,19
DA:12,16
DA:13,16
DA:14,16
DA:16,16
DA:17,16
DA:20,3
DA:21,3
DA:22,3
LF:15
LH:15
BRDA:8,0,0,19
BRDA:8,0,1,3
BRDA:9,1,0,16
BRDA:9,1,1,3
BRDA:10,2,0,3
BRDA:10,2,1,16
BRDA:14,3,0,0
BRDA:14,3,1,16
BRDA:20,4,0,3
BRDA:20,4,1,0
BRDA:21,5,0,3
BRDA:21,5,1,0
BRF:12
BRH:9
end_of_record
TN:
SF:middlewares\checkArticleOwner.js
FN:6,checkArticleOwner
FNF:1
FNH:1
FNDA:4,checkArticleOwner
DA:3,5
DA:4,5
DA:7,4
DA:8,4
DA:9,4
DA:11,4
DA:12,4
DA:13,0
DA:16,4
DA:17,4
DA:19,0
DA:23,5
LF:12
LH:10
BRDA:11,0,0,0
BRDA:11,0,1,4
BRDA:12,1,0,0
BRDA:12,1,1,4
BRF:4
BRH:2
end_of_record
TN:
SF:middlewares\errorHandler.js
FN:2,errorHandler
FN:47,(anonymous_1)
FN:53,(anonymous_2)
FNF:3
FNH:1
FNDA:16,errorHandler
FNDA:0,(anonymous_1)
FNDA:0,(anonymous_2)
DA:2,5
DA:4,16
DA:5,16
DA:6,16
DA:10,16
DA:11,0
DA:12,0
DA:13,0
DA:14,0
DA:24,16
DA:25,0
DA:26,0
DA:27,0
DA:29,16
DA:30,0
DA:31,0
DA:32,0
DA:36,16
DA:37,2
DA:38,2
DA:39,2
DA:43,16
DA:44,0
DA:45,0
DA:46,0
DA:47,0
DA:49,16
DA:50,0
DA:51,0
DA:52,0
DA:53,0
DA:55,16
DA:56,0
DA:57,0
DA:58,0
DA:59,0
DA:61,16
DA:62,0
DA:63,0
DA:64,0
DA:68,16
DA:69,2
DA:71,16
DA:72,0
DA:74,16
DA:75,0
DA:77,16
DA:78,3
DA:82,16
DA:90,16
DA:91,16
DA:92,16
DA:96,16
DA:98,16
LF:54
LH:27
BRDA:4,0,0,16
BRDA:4,0,1,2
BRDA:5,1,0,16
BRDA:5,1,1,11
BRDA:6,2,0,16
BRDA:6,2,1,0
BRDA:10,3,0,0
BRDA:10,3,1,16
BRDA:11,4,0,0
BRDA:11,4,1,0
BRDA:13,5,0,0
BRDA:13,5,1,0
BRDA:13,5,2,0
BRDA:24,6,0,0
BRDA:24,6,1,16
BRDA:29,7,0,0
BRDA:29,7,1,16
BRDA:36,8,0,2
BRDA:36,8,1,14
BRDA:39,9,0,2
BRDA:39,9,1,0
BRDA:43,10,0,0
BRDA:43,10,1,16
BRDA:49,11,0,0
BRDA:49,11,1,16
BRDA:55,12,0,0
BRDA:55,12,1,16
BRDA:61,13,0,0
BRDA:61,13,1,16
BRDA:68,14,0,2
BRDA:68,14,1,14
BRDA:71,15,0,0
BRDA:71,15,1,16
BRDA:74,16,0,0
BRDA:74,16,1,16
BRDA:77,17,0,3
BRDA:77,17,1,13
BRDA:90,18,0,16
BRDA:90,18,1,0
BRDA:91,19,0,0
BRDA:91,19,1,16
BRDA:92,20,0,9
BRDA:92,20,1,7
BRF:43
BRH:25
end_of_record
TN:
SF:middlewares\notFound.js
FN:1,notFound
FNF:1
FNH:0
FNDA:0,notFound
DA:1,5
DA:2,0
LF:2
LH:1
BRF:0
BRH:0
end_of_record
TN:
SF:models\article.js
FN:3,(anonymous_0)
FN:5,(anonymous_1)
FNF:2
FNH:2
FNDA:1,(anonymous_0)
FNDA:1,(anonymous_1)
DA:2,1
DA:3,1
DA:6,1
DA:7,1
DA:13,1
DA:41,1
LF:6
LH:6
BRF:0
BRH:0
end_of_record
TN:
SF:models\index.js
FN:21,(anonymous_0)
FN:29,(anonymous_1)
FN:34,(anonymous_2)
FNF:3
FNH:3
FNDA:4,(anonymous_0)
FNDA:3,(anonymous_1)
FNDA:3,(anonymous_2)
DA:3,1
DA:4,1
DA:5,1
DA:6,1
DA:7,1
DA:8,1
DA:9,1
DA:10,1
DA:13,1
DA:14,0
DA:16,1
DA:19,1
DA:22,4
DA:30,3
DA:31,3
DA:34,1
DA:35,3
DA:36,3
DA:40,1
DA:41,1
DA:43,1
LF:21
LH:20
BRDA:8,0,0,1
BRDA:8,0,1,0
BRDA:13,1,0,0
BRDA:13,1,1,1
BRDA:23,2,0,4
BRDA:23,2,1,4
BRDA:23,2,2,3
BRDA:23,2,3,3
BRDA:35,3,0,3
BRDA:35,3,1,0
BRF:10
BRH:7
end_of_record
TN:
SF:models\note.js
FN:3,(anonymous_0)
FN:5,(anonymous_1)
FNF:2
FNH:2
FNDA:1,(anonymous_0)
FNDA:1,(anonymous_1)
DA:2,1
DA:3,1
DA:6,1
DA:9,1
DA:22,1
LF:5
LH:5
BRF:0
BRH:0
end_of_record
TN:
SF:models\user.js
FN:3,(anonymous_0)
FN:5,(anonymous_1)
FNF:2
FNH:2
FNDA:1,(anonymous_0)
FNDA:1,(anonymous_1)
DA:2,1
DA:3,1
DA:6,1
DA:9,1
DA:27,1
LF:5
LH:5
BRF:0
BRH:0
end_of_record
TN:
SF:routes\index.js
FNF:0
FNH:0
DA:1,5
DA:2,5
DA:4,5
DA:5,5
DA:6,5
DA:7,5
DA:8,5
DA:9,5
DA:10,5
DA:13,5
DA:16,5
DA:19,5
DA:20,5
DA:21,5
DA:22,5
DA:25,5
DA:26,5
DA:27,5
DA:28,5
DA:31,5
DA:33,5
LF:21
LH:21
BRF:0
BRH:0
end_of_record
TN:
SF:utils\extractText.js
FN:4,extractTextFromUrl
FN:13,(anonymous_1)
FNF:2
FNH:0
FNDA:0,extractTextFromUrl
FNDA:0,(anonymous_1)
DA:1,4
DA:2,4
DA:5,0
DA:6,0
DA:8,0
DA:9,0
DA:10,0
DA:12,0
DA:13,0
DA:14,0
DA:15,0
DA:18,0
DA:19,0
DA:21,0
DA:24,4
LF:15
LH:3
BRDA:9,0,0,0
BRDA:9,0,1,0
BRDA:9,0,2,0
BRDA:10,1,0,0
BRDA:10,1,1,0
BRDA:15,2,0,0
BRDA:15,2,1,0
BRDA:15,3,0,0
BRDA:15,3,1,0
BRDA:19,4,0,0
BRDA:19,4,1,0
BRDA:21,5,0,0
BRDA:21,5,1,0
BRDA:21,5,2,0
BRDA:21,5,3,0
BRF:15
BRH:0
end_of_record
TN:
SF:utils\httpError.js
FN:1,httpError
FN:8,(anonymous_1)
FN:9,(anonymous_2)
FN:10,(anonymous_3)
FN:11,(anonymous_4)
FNF:5
FNH:2
FNDA:4,httpError
FNDA:2,(anonymous_1)
FNDA:0,(anonymous_2)
FNDA:0,(anonymous_3)
FNDA:0,(anonymous_4)
DA:2,4
DA:3,4
DA:4,4
DA:5,4
DA:8,5
DA:9,5
DA:10,5
DA:11,5
DA:13,5
LF:9
LH:9
BRDA:2,0,0,4
BRDA:2,0,1,0
BRDA:4,1,0,2
BRDA:4,1,1,2
BRDA:8,2,0,1
BRDA:9,3,0,0
BRDA:10,4,0,0
BRDA:11,5,0,0
BRF:8
BRH:4
end_of_record
TN:
SF:utils\jwt.js
FN:3,signToken
FN:7,verifyToken
FNF:2
FNH:0
FNDA:0,signToken
FNDA:0,verifyToken
DA:1,1
DA:4,0
DA:8,0
DA:11,1
LF:4
LH:2
BRF:0
BRH:0
end_of_record
